<?xml version="1.0" encoding="UTF-8"?>
<testng-results ignored="0" total="4" passed="4" failed="0" skipped="0">
  <reporter-output>
  </reporter-output>
  <suite started-at="2023-11-18T20:36:46 IST" name="PetSuite" finished-at="2023-11-18T20:37:01 IST" duration-ms="15000">
    <groups>
    </groups>
    <test started-at="2023-11-18T20:36:46 IST" name="PetTest" finished-at="2023-11-18T20:37:01 IST" duration-ms="15000">
      <class name="MyTest.UserTest">
        <test-method is-config="true" signature="SetupData()[pri:0, instance:MyTest.UserTest@54c5a2ff]" started-at="2023-11-18T20:36:46 IST" name="SetupData" finished-at="2023-11-18T20:36:47 IST" duration-ms="1095" status="PASS">
          <reporter-output>
          </reporter-output>
        </test-method> <!-- SetupData -->
        <test-method signature="TestpostUser()[pri:1, instance:MyTest.UserTest@54c5a2ff]" started-at="2023-11-18T20:36:47 IST" name="TestpostUser" finished-at="2023-11-18T20:36:52 IST" duration-ms="4874" status="PASS">
          <reporter-output>
          </reporter-output>
        </test-method> <!-- TestpostUser -->
        <test-method signature="TestGetUserByName()[pri:2, instance:MyTest.UserTest@54c5a2ff]" started-at="2023-11-18T20:36:52 IST" name="TestGetUserByName" finished-at="2023-11-18T20:36:54 IST" duration-ms="2093" status="PASS">
          <reporter-output>
          </reporter-output>
        </test-method> <!-- TestGetUserByName -->
        <test-method signature="TestUpdateUserByName()[pri:3, instance:MyTest.UserTest@54c5a2ff]" started-at="2023-11-18T20:36:54 IST" name="TestUpdateUserByName" finished-at="2023-11-18T20:36:59 IST" duration-ms="4720" status="PASS">
          <reporter-output>
          </reporter-output>
        </test-method> <!-- TestUpdateUserByName -->
        <test-method signature="TestDeleteUserByName()[pri:4, instance:MyTest.UserTest@54c5a2ff]" started-at="2023-11-18T20:36:59 IST" name="TestDeleteUserByName" finished-at="2023-11-18T20:37:01 IST" duration-ms="1743" status="PASS">
          <reporter-output>
          </reporter-output>
        </test-method> <!-- TestDeleteUserByName -->
      </class> <!-- MyTest.UserTest -->
    </test> <!-- PetTest -->
  </suite> <!-- PetSuite -->
</testng-results>
