<?xml version="1.0" encoding="UTF-8"?>
<testng-results ignored="0" total="4" passed="4" failed="0" skipped="0">
  <reporter-output>
  </reporter-output>
  <suite started-at="2023-11-18T20:29:07 IST" name="PetSuite" finished-at="2023-11-18T20:29:19 IST" duration-ms="12437">
    <groups>
    </groups>
    <test started-at="2023-11-18T20:29:07 IST" name="PetTest" finished-at="2023-11-18T20:29:19 IST" duration-ms="12437">
      <class name="MyTest.UserTest">
        <test-method is-config="true" signature="SetupData()[pri:0, instance:MyTest.UserTest@3c77d488]" started-at="2023-11-18T20:29:07 IST" name="SetupData" finished-at="2023-11-18T20:29:09 IST" duration-ms="1295" status="PASS">
          <reporter-output>
          </reporter-output>
        </test-method> <!-- SetupData -->
        <test-method signature="TestpostUser()[pri:1, instance:MyTest.UserTest@3c77d488]" started-at="2023-11-18T20:29:09 IST" name="TestpostUser" finished-at="2023-11-18T20:29:13 IST" duration-ms="4851" status="PASS">
          <reporter-output>
          </reporter-output>
        </test-method> <!-- TestpostUser -->
        <test-method signature="TestGetUserByName()[pri:2, instance:MyTest.UserTest@3c77d488]" started-at="2023-11-18T20:29:13 IST" name="TestGetUserByName" finished-at="2023-11-18T20:29:15 IST" duration-ms="1378" status="PASS">
          <reporter-output>
          </reporter-output>
        </test-method> <!-- TestGetUserByName -->
        <test-method signature="TestUpdateUserByName()[pri:3, instance:MyTest.UserTest@3c77d488]" started-at="2023-11-18T20:29:15 IST" name="TestUpdateUserByName" finished-at="2023-11-18T20:29:18 IST" duration-ms="2844" status="PASS">
          <reporter-output>
          </reporter-output>
        </test-method> <!-- TestUpdateUserByName -->
        <test-method signature="TestDeleteUserByName()[pri:4, instance:MyTest.UserTest@3c77d488]" started-at="2023-11-18T20:29:18 IST" name="TestDeleteUserByName" finished-at="2023-11-18T20:29:19 IST" duration-ms="1426" status="PASS">
          <reporter-output>
          </reporter-output>
        </test-method> <!-- TestDeleteUserByName -->
      </class> <!-- MyTest.UserTest -->
    </test> <!-- PetTest -->
  </suite> <!-- PetSuite -->
</testng-results>
