<?xml version="1.0" encoding="UTF-8"?>
<!-- Generated by org.testng.reporters.JUnitXMLReporter -->
<testsuite ignored="0" hostname="DESKTOP-15GLH6P" failures="0" tests="4" name="PetTest" time="15.0" errors="0" timestamp="2023-11-18T20:37:01 IST">
  <testcase classname="MyTest.UserTest" name="TestpostUser" time="4.874"/>
  <testcase classname="MyTest.UserTest" name="TestGetUserByName" time="2.093"/>
  <testcase classname="MyTest.UserTest" name="TestUpdateUserByName" time="4.72"/>
  <testcase classname="MyTest.UserTest" name="TestDeleteUserByName" time="1.743"/>
</testsuite> <!-- PetTest -->
