<?xml version="1.0" encoding="UTF-8"?>
<!-- Generated by org.testng.reporters.JUnitXMLReporter -->
<testsuite ignored="0" hostname="DESKTOP-15GLH6P" failures="0" tests="4" name="PetTest" time="12.437" errors="0" timestamp="2023-11-18T20:29:20 IST">
  <testcase classname="MyTest.UserTest" name="TestpostUser" time="4.851"/>
  <testcase classname="MyTest.UserTest" name="TestGetUserByName" time="1.378"/>
  <testcase classname="MyTest.UserTest" name="TestUpdateUserByName" time="2.844"/>
  <testcase classname="MyTest.UserTest" name="TestDeleteUserByName" time="1.426"/>
</testsuite> <!-- PetTest -->
